make all --print-data-base --no-builtin-variables --no-builtin-rules --question
# GNU Make 4.2.1
# Built for x86_64-pc-linux-gnu
# Copyright (C) 1988-2016 Free Software Foundation, Inc.
# License GPLv3+: GNU GPL version 3 or later <http://gnu.org/licenses/gpl.html>
# This is free software: you are free to change and redistribute it.
# There is NO WARRANTY, to the extent permitted by law.

# Make data base, printed on Sat Oct 23 10:34:13 2021

# Variables

# 'override' directive
GNUMAKEFLAGS := 
# automatic
<D = $(patsubst %/,%,$(dir $<))
# automatic
?F = $(notdir $?)
# environment
DESKTOP_SESSION = ubuntu
# default
.SHELLFLAGS := -c
# environment
XDG_SESSION_CLASS = user
# environment
XDG_SESSION_TYPE = x11
# environment
VSCODE_LOG_NATIVE = false
# automatic
?D = $(patsubst %/,%,$(dir $?))
# environment
IM_CONFIG_PHASE = 1
# makefile (from 'Makefile', line 10)
TCPTARGET = $(TCP)/tcpServer.o
# automatic
@D = $(patsubst %/,%,$(dir $@))
# environment
XAUTHORITY = /run/user/1000/gdm/Xauthority
# environment
GDMSESSION = ubuntu
# environment
XMODIFIERS = @im=fcitx
# makefile
CURDIR := /home/qgjyf2001/work
# makefile
SHELL = /bin/sh
# environment
VSCODE_NLS_CONFIG = {"locale":"zh-cn","availableLanguages":{},"_languagePackSupport":true}
# environment
_ = /usr/share/code/code
# makefile (from 'Makefile', line 15)
FILESYSTEM = ./fileSystem
# environment
JOURNAL_STREAM = 8:45779
# environment
XDG_CONFIG_DIRS = /etc/xdg/xdg-ubuntu:/etc/xdg
# makefile (from 'Makefile', line 1)
MAKEFILE_LIST :=  Makefile
# makefile (from 'Makefile', line 7)
THREADPOOL = ./threadPool
# automatic
@F = $(notdir $@)
# environment
GIO_LAUNCHED_DESKTOP_FILE = /usr/share/applications/code.desktop
# environment
USERNAME = qgjyf2001
# makefile (from 'Makefile', line 4)
CXXFLAGS = -std=c++17 -g
# environment
MAKELEVEL := 0
# environment
MANDATORY_PATH = /usr/share/gconf/ubuntu.mandatory.path
# environment
XDG_DATA_DIRS = /usr/share/ubuntu:/usr/local/share/:/usr/share/
# environment
DBUS_SESSION_BUS_ADDRESS = unix:path=/run/user/1000/bus
# environment
VSCODE_VERBOSE_LOGGING = true
# environment
MANAGERPID = 1500
# environment
CLUTTER_IM_MODULE = fcitx
# environment
LESSOPEN = | /usr/bin/lesspipe %s
# environment
LC_NAME = zh_CN.UTF-8
# environment
VSCODE_CWD = /home/qgjyf2001
# makefile (from 'Makefile', line 23)
SQL = ./mysqlHelper
# default
MAKE_HOST := x86_64-pc-linux-gnu
# environment
PATH = /home/qgjyf2001/.local/bin:~/anaconda3/bin:/home/qgjyf2001/.local/bin:/usr/local/sbin:/usr/local/bin:/usr/sbin:/usr/bin:/sbin:/bin:/usr/games:/usr/local/games:/snap/bin
# environment
GPG_AGENT_INFO = /run/user/1000/gnupg/S.gpg-agent:0:1
# environment
GJS_DEBUG_OUTPUT = stderr
# makefile (from 'Makefile', line 19)
SAFEVECTOR = ./safeVector
# environment
SESSION_MANAGER = local/wycfather:@/tmp/.ICE-unix/1712,unix/wycfather:/tmp/.ICE-unix/1712
# makefile (from 'Makefile', line 16)
FILESYSTEMTARGET = $(FILESYSTEM)/folderHook.o
# environment
XDG_RUNTIME_DIR = /run/user/1000
# makefile (from 'Makefile', line 8)
THREADPOOLTARGET = $(THREADPOOL)/threadPool.o
# environment
XDG_MENU_PREFIX = gnome-
# environment
VSCODE_LOG_STACK = false
# environment
VSCODE_CRASH_REPORTER_START_OPTIONS = {"companyName":"Microsoft","productName":"VSCode","submitURL":"appcenter://code?aid=fba07a4d-84bd-4fc8-a125-9640fc8ce171&uid=50a9fddc-b1e9-4ca0-a496-2364db743386&iid=50a9fddc-b1e9-4ca0-a496-2364db743386&sid=50a9fddc-b1e9-4ca0-a496-2364db743386","uploadToServer":true}
# environment
INVOCATION_ID = 8b694cca96284633bce30b2f1b170db1
# default
.FEATURES := target-specific order-only second-expansion else-if shortest-stem undefine oneshell archives jobserver output-sync check-symlink load
# environment
LS_COLORS = 
# environment
XDG_SESSION_DESKTOP = ubuntu
# environment
SSH_AUTH_SOCK = /run/user/1000/keyring/ssh
# environment
GIO_LAUNCHED_DESKTOP_FILE_PID = 3563
# automatic
%F = $(notdir $%)
# environment
DISPLAY = :1
# makefile (from 'Makefile', line 24)
SQLTARGET = $(SQL)/mysqlHelper.o $(SQL)/mysqlHelperImp.o
# environment
GTK_IM_MODULE = fcitx
# environment
VSCODE_PIPE_LOGGING = true
# environment
PWD = /home/qgjyf2001/work
# default
.LOADED := 
# environment
SSH_AGENT_PID = 1669
# environment
ORIGINAL_XDG_CURRENT_DESKTOP = ubuntu:GNOME
# environment
GTK_MODULES = gail:atk-bridge
# environment
VSCODE_AMD_ENTRYPOINT = vs/workbench/services/extensions/node/extensionHostProcess
# environment
HOME = /home/qgjyf2001
# environment
LD_LIBRARY_PATH = :/usr/local/lib
# environment
LESSCLOSE = /usr/bin/lesspipe %s %s
# environment
LOGNAME = qgjyf2001
# environment
APPLICATION_INSIGHTS_NO_DIAGNOSTIC_CHANNEL = true
# automatic
+F = $(notdir $+)
# makefile (from 'Makefile', line 13)
WEBSERVER = ./webServer
# environment
VSCODE_HANDLES_UNCAUGHT_ERRORS = true
# environment
GNOME_DESKTOP_SESSION_ID = this-is-deprecated
# automatic
^D = $(patsubst %/,%,$(dir $^))
# environment
LC_TIME = zh_CN.UTF-8
# default
MAKE = $(MAKE_COMMAND)
# default
MAKECMDGOALS := all
# environment
QT_IM_MODULE = fcitx
# environment
SHLVL = 0
# makefile (from 'Makefile', line 3)
CC = g++
# makefile (from 'Makefile', line 11)
HTTP = ./http
# environment
GNOME_SHELL_SESSION_MODE = ubuntu
# environment
VSCODE_IPC_HOOK_EXTHOST = /run/user/1000/vscode-ipc-61ea6563-1914-4d39-94d3-8b0a5c71332f.sock
# default
MAKE_VERSION := 4.2.1
# environment
USER = qgjyf2001
# environment
LC_MONETARY = zh_CN.UTF-8
# makefile
.DEFAULT_GOAL := all
# makefile (from 'Makefile', line 5)
INCLUDE = ./include
# environment
XDG_CURRENT_DESKTOP = Unity
# makefile (from 'Makefile', line 20)
SAFEVECTORTARGET = $(SAFEVECTOR)/safeVector.o
# automatic
%D = $(patsubst %/,%,$(dir $%))
# makefile (from 'Makefile', line 17)
JSONPARSER = ./json
# environment
LC_TELEPHONE = zh_CN.UTF-8
# default
MAKE_COMMAND := make
# environment
VSCODE_NODE_CACHED_DATA_DIR = /home/qgjyf2001/.config/Code/CachedData/054a9295330880ed74ceaedda236253b4f39a335
# default
.VARIABLES := 
# automatic
*F = $(notdir $*)
# environment
LANGUAGE = zh_CN:zh:en_US:en
# environment
VSCODE_IPC_HOOK = /run/user/1000/vscode-fe830ca3-1.56.2-main.sock
# makefile
MAKEFLAGS = pqrR
# environment
MFLAGS = -pqrR
# automatic
*D = $(patsubst %/,%,$(dir $*))
# environment
BREAKPAD_DUMP_LOCATION = /home/qgjyf2001/.config/Code/exthost Crash Reports
# automatic
+D = $(patsubst %/,%,$(dir $+))
# environment
GDK_BACKEND = x11
# environment
LC_PAPER = zh_CN.UTF-8
# environment
QT_ACCESSIBILITY = 1
# makefile (from 'Makefile', line 14)
WEBSERVERTARGET = $(WEBSERVER)/webServer.o
# environment
DEFAULTS_PATH = /usr/share/gconf/ubuntu.default.path
# makefile (from 'Makefile', line 9)
TCP = ./tcp
# default
MAKEFILES := 
# environment
LC_NUMERIC = zh_CN.UTF-8
# makefile (from 'Makefile', line 12)
HTTPTARGET = $(HTTP)/httpParser.o $(HTTP)/http.o $(HTTP)/httpHandler.o
# automatic
<F = $(notdir $<)
# environment
ELECTRON_RUN_AS_NODE = 1
# environment
LC_MEASUREMENT = zh_CN.UTF-8
# environment
LC_ALL = C
# environment
QT4_IM_MODULE = fcitx
# environment
GJS_DEBUG_TOPICS = JS ERROR;JS LOG
# automatic
^F = $(notdir $^)
# makefile (from 'Makefile', line 18)
JSONPARSERTARGET = $(JSONPARSER)/jsonParser.o
# default
SUFFIXES := 
# environment
CHROME_DESKTOP = code-url-handler.desktop
# environment
WINDOWPATH = 2
# default
.INCLUDE_DIRS = /usr/include /usr/local/include /usr/include
# environment
LC_IDENTIFICATION = zh_CN.UTF-8
# makefile (from 'Makefile', line 22)
TOOLSTARGET = $(TOOLS)/zipFolder.o
# default
.RECIPEPREFIX := 
# environment
LC_ADDRESS = zh_CN.UTF-8
# makefile (from 'Makefile', line 21)
TOOLS = ./tools
# environment
LANG = C
# environment
VSCODE_PID = 3563
# variable set hash-table stats:
# Load=136/1024=13%, Rehash=0, Collisions=35/206=17%

# Pattern-specific Variable Values

# No pattern-specific variable values.

# Directories

# mysqlHelper (device 2051, inode 1102219): 4 files, no impossibilities so far.
# . (device 2051, inode 927226): 30 files, no impossibilities.
# http (device 2051, inode 927239): 5 files, no impossibilities so far.
# tools (device 2051, inode 933897): 4 files, no impossibilities so far.

# 43 files, no impossibilities in 4 directories.

# Implicit Rules

http/%.o: http/%.cpp
#  recipe to execute (from 'Makefile', line 31):
	$(CC) -I$(INCLUDE) $(CXXFLAGS) -c $^ -o $@

tools/%.o: tools/%.cpp
 
#  recipe to execute (from 'Makefile', line 33):
	$(CC) -I$(INCLUDE) $(CXXFLAGS) -c $^ -o $@

mysqlHelper/%.o: mysqlHelper/%.cpp
#  recipe to execute (from 'Makefile', line 35):
	$(CC) -I$(INCLUDE) $(CXXFLAGS) -c $^ -o $@

# 3 implicit rules, 0 (0.0%) terminal.

# Files

# Not a target:
http/httpParser.cpp:
#  Implicit rule search has been done.
#  Last modified 2021-09-09 17:35:37.975178594
#  File has been updated.
#  Successfully updated.

mysqlHelper/mysqlHelperImp.o: mysqlHelper/mysqlHelperImp.cpp
#  Implicit rule search has been done.
#  Implicit/static pattern stem: 'mysqlHelperImp'
#  Last modified 2021-10-21 10:15:57.509761644
#  File has been updated.
#  Successfully updated.
#  recipe to execute (from 'Makefile', line 35):
	$(CC) -I$(INCLUDE) $(CXXFLAGS) -c $^ -o $@

all: main
#  Command line target.
#  Implicit rule search has been done.
#  File does not exist.
#  File has been updated.
#  Successfully updated.

webServer/webServer.o: webServer/webServer.cpp
#  Implicit rule search has not been done.
#  Last modified 2021-10-21 10:15:50.289978916
#  File has been updated.
#  Successfully updated.
#  recipe to execute (from 'Makefile', line 37):
	$(CC) -I$(INCLUDE) $(CXXFLAGS) -c $^ -o $@

# Not a target:
http/httpHandler.cpp:
#  Implicit rule search has been done.
#  Last modified 2021-09-17 13:34:43.094325418
#  File has been updated.
#  Successfully updated.

web:
#  Implicit rule search has not been done.
#  Modification time never checked.
#  File has not been updated.
#  recipe to execute (from 'Makefile', line 49):
	cd ./app&&yarn build

tools/zipFolder.o: tools/zipFolder.cpp
#  Implicit rule search has been done.
#  Implicit/static pattern stem: 'zipFolder'
#  Last modified 2021-10-21 10:15:56.109803747
#  File has been updated.
#  Successfully updated.
#  recipe to execute (from 'Makefile', line 33):
	$(CC) -I$(INCLUDE) $(CXXFLAGS) -c $^ -o $@

# Not a target:
Makefile:
#  Implicit rule search has been done.
#  Last modified 2021-10-15 22:04:21.529403639
#  File has been updated.
#  Successfully updated.

json/jsonParser.o: json/jsonParser.cpp
#  Implicit rule search has not been done.
#  Last modified 2021-10-21 10:15:53.297888354
#  File has been updated.
#  Successfully updated.
#  recipe to execute (from 'Makefile', line 41):
	$(CC) -I$(INCLUDE) $(CXXFLAGS) -c $^ -o $@

# Not a target:
fileSystem/folderHook.cpp:
#  Implicit rule search has been done.
#  Last modified 2021-09-09 09:52:59.200550871
#  File has been updated.
#  Successfully updated.

# Not a target:
main.cpp:
#  Implicit rule search has been done.
#  Last modified 2021-10-21 10:08:44.073446518
#  File has been updated.
#  Successfully updated.

threadPool/threadPool.o: threadPool/threadPool.cpp
#  Implicit rule search has not been done.
#  Last modified 2021-10-21 10:15:46.21010185
#  File has been updated.
#  Successfully updated.
#  recipe to execute (from 'Makefile', line 27):
	$(CC) -I$(INCLUDE) $(CXXFLAGS) -c $^ -o $@

http/httpParser.o: http/httpParser.cpp
#  Implicit rule search has been done.
#  Implicit/static pattern stem: 'httpParser'
#  Last modified 2021-10-21 10:15:47.374066765
#  File has been updated.
#  Successfully updated.
#  recipe to execute (from 'Makefile', line 31):
	$(CC) -I$(INCLUDE) $(CXXFLAGS) -c $^ -o $@

# Not a target:
tcp/tcpServer.cpp:
#  Implicit rule search has been done.
#  Last modified 2021-09-23 10:06:15.987336384
#  File has been updated.
#  Successfully updated.

# Not a target:
mysqlHelper/mysqlHelper.cpp:
#  Implicit rule search has been done.
#  Last modified 2021-10-21 10:02:27.548489036
#  File has been updated.
#  Successfully updated.

# Not a target:
http/http.cpp:
#  Implicit rule search has been done.
#  Last modified 2021-09-27 10:01:21.039236739
#  File has been updated.
#  Successfully updated.

# Not a target:
safeVector/safeVector.cpp:
#  Implicit rule search has been done.
#  Last modified 2021-09-09 10:06:56.061691887
#  File has been updated.
#  Successfully updated.

http/httpHandler.o: http/httpHandler.cpp
#  Implicit rule search has been done.
#  Implicit/static pattern stem: 'httpHandler'
#  Last modified 2021-10-21 10:15:49.334007711
#  File has been updated.
#  Successfully updated.
#  recipe to execute (from 'Makefile', line 31):
	$(CC) -I$(INCLUDE) $(CXXFLAGS) -c $^ -o $@

# Not a target:
.DEFAULT:
#  Implicit rule search has not been done.
#  Modification time never checked.
#  File has not been updated.

# Not a target:
mysqlHelper/mysqlHelperImp.cpp:
#  Implicit rule search has been done.
#  Last modified 2021-10-21 10:09:50.618235951
#  File has been updated.
#  Successfully updated.

clean:
#  Implicit rule search has not been done.
#  Modification time never checked.
#  File has not been updated.
#  recipe to execute (from 'Makefile', line 51):
	find . -name '*.o' -type f -print -exec rm -rf {} \;
	rm main

# Not a target:
webServer/webServer.cpp:
#  Implicit rule search has been done.
#  Last modified 2021-09-09 09:52:27.347572875
#  File has been updated.
#  Successfully updated.

fileSystem/folderHook.o: fileSystem/folderHook.cpp
#  Implicit rule search has not been done.
#  Last modified 2021-10-21 10:15:51.757934711
#  File has been updated.
#  Successfully updated.
#  recipe to execute (from 'Makefile', line 39):
	$(CC) -I$(INCLUDE) $(CXXFLAGS) -c $^ -o $@

main: main.o threadPool/threadPool.o tcp/tcpServer.o http/httpParser.o http/http.o http/httpHandler.o webServer/webServer.o fileSystem/folderHook.o json/jsonParser.o safeVector/safeVector.o tools/zipFolder.o mysqlHelper/mysqlHelper.o mysqlHelper/mysqlHelperImp.o
#  Implicit rule search has not been done.
#  Last modified 2021-10-21 10:15:57.661757073
#  File has been updated.
#  Successfully updated.
#  recipe to execute (from 'Makefile', line 47):
	$(CC) -o $@ $^ -lpthread -lminizip -lmysqlclient

main.o: main.cpp
#  Implicit rule search has not been done.
#  Last modified 2021-10-21 10:15:45.550121747
#  File has been updated.
#  Successfully updated.
#  recipe to execute (from 'Makefile', line 45):
	$(CC) -I$(INCLUDE) $(CXXFLAGS) -c $^ -o $@

# Not a target:
tools/zipFolder.cpp:
#  Implicit rule search has been done.
#  Last modified 2021-09-15 17:52:17.12061603
#  File has been updated.
#  Successfully updated.

# Not a target:
json/jsonParser.cpp:
#  Implicit rule search has been done.
#  Last modified 2021-10-19 11:00:06.907570947
#  File has been updated.
#  Successfully updated.

tcp/tcpServer.o: tcp/tcpServer.cpp
#  Implicit rule search has not been done.
#  Last modified 2021-10-21 10:15:46.9780787
#  File has been updated.
#  Successfully updated.
#  recipe to execute (from 'Makefile', line 29):
	$(CC) -I$(INCLUDE) $(CXXFLAGS) -c $^ -o $@

mysqlHelper/mysqlHelper.o: mysqlHelper/mysqlHelper.cpp
#  Implicit rule search has been done.
#  Implicit/static pattern stem: 'mysqlHelper'
#  Last modified 2021-10-21 10:15:56.721785341
#  File has been updated.
#  Successfully updated.
#  recipe to execute (from 'Makefile', line 35):
	$(CC) -I$(INCLUDE) $(CXXFLAGS) -c $^ -o $@

http/http.o: http/http.cpp
#  Implicit rule search has been done.
#  Implicit/static pattern stem: 'http'
#  Last modified 2021-10-21 10:15:48.426035066
#  File has been updated.
#  Successfully updated.
#  recipe to execute (from 'Makefile', line 31):
	$(CC) -I$(INCLUDE) $(CXXFLAGS) -c $^ -o $@

safeVector/safeVector.o: safeVector/safeVector.cpp
#  Implicit rule search has not been done.
#  Last modified 2021-10-21 10:15:55.145832746
#  File has been updated.
#  Successfully updated.
#  recipe to execute (from 'Makefile', line 43):
	$(CC) -I$(INCLUDE) $(CXXFLAGS) -c $^ -o $@

# Not a target:
threadPool/threadPool.cpp:
#  Implicit rule search has been done.
#  Last modified 2021-09-15 11:30:57.096740254
#  File has been updated.
#  Successfully updated.

# files hash-table stats:
# Load=33/1024=3%, Rehash=0, Collisions=1/84=1%
# VPATH Search Paths

# No 'vpath' search paths.

# No general ('VPATH' variable) search path.

# strcache buffers: 1 (0) / strings = 81 / storage = 1111 B / avg = 13 B
# current buf: size = 8162 B / used = 1111 B / count = 81 / avg = 13 B

# strcache performance: lookups = 122 / hit rate = 33%
# hash-table stats:
# Load=81/8192=1%, Rehash=0, Collisions=2/122=2%
# Finished Make data base on Sat Oct 23 10:34:13 2021

 
